<?xml version="1.0" encoding="UTF-8"?>
<!-- Generated by org.testng.reporters.JUnitReportReporter -->
<testsuite hostname="BAYAN" failures="0" tests="10" name="almosafweb.myTestCases" time="8.609" errors="0" timestamp="2024-02-15T18:20:52 EET" skipped="1">
  <testcase classname="almosafweb.myTestCases" name="Checklanguage" time="0.063"/>
  <system-out/>
  <testcase classname="almosafweb.myTestCases" name="CheckTheCurrency" time="0.037"/>
  <system-out/>
  <testcase classname="almosafweb.myTestCases" name="CheckContactNumber" time="0.024"/>
  <system-out/>
  <testcase classname="almosafweb.myTestCases" name="CheckLogoqitaf" time="0.032"/>
  <system-out/>
  <testcase classname="almosafweb.myTestCases" name="cheakNOTSelectHotels" time="0.024"/>
  <system-out/>
  <testcase classname="almosafweb.myTestCases" name="flightsDate" time="0.049"/>
  <system-out/>
  <testcase classname="almosafweb.myTestCases" name="flightDAY2" time="1.081"/>
  <system-out/>
  <testcase classname="almosafweb.myTestCases" name="flighMonth" time="1.094"/>
  <system-out/>
  <testcase classname="almosafweb.myTestCases" name="switchLangWeb" time="6.205"/>
  <system-out/>
  <testcase classname="almosafweb.myTestCases" name="flightDAY">
    <skipped/>
  </testcase> <!-- flightDAY -->
  <system-out/>
</testsuite> <!-- almosafweb.myTestCases -->
