<?xml version="1.0" encoding="UTF-8"?>
<!-- Generated by org.testng.reporters.JUnitReportReporter -->
<testsuite hostname="BAYAN" failures="0" tests="12" name="almosafweb.myTestCases" time="59.119" errors="0" timestamp="2024-02-17T23:58:51 EET" skipped="3">
  <testcase classname="almosafweb.myTestCases" name="CheckTheCurrency" time="0.046"/>
  <system-out/>
  <testcase classname="almosafweb.myTestCases" name="checkContactNumber" time="0.031"/>
  <system-out/>
  <testcase classname="almosafweb.myTestCases" name="CheckLogoQitaf" time="0.042"/>
  <system-out/>
  <testcase classname="almosafweb.myTestCases" name="logoApple" time="0.124"/>
  <system-out/>
  <testcase classname="almosafweb.myTestCases" name="flightsDate" time="0.059"/>
  <system-out/>
  <testcase classname="almosafweb.myTestCases" name="cheakNOTSelectHotels" time="0.025"/>
  <system-out/>
  <testcase classname="almosafweb.myTestCases" name="flightDAY2" time="1.135"/>
  <system-out/>
  <testcase classname="almosafweb.myTestCases" name="flighMonth" time="3.105"/>
  <system-out/>
  <testcase classname="almosafweb.myTestCases" name="switchLangWeb" time="54.552"/>
  <system-out/>
  <testcase classname="almosafweb.myTestCases" name="ChecklanguageEN">
    <skipped/>
  </testcase> <!-- ChecklanguageEN -->
  <system-out/>
  <testcase classname="almosafweb.myTestCases" name="flightDAY">
    <skipped/>
  </testcase> <!-- flightDAY -->
  <system-out/>
  <testcase classname="almosafweb.myTestCases" name="ChecklanguageAR">
    <skipped/>
  </testcase> <!-- ChecklanguageAR -->
  <system-out/>
</testsuite> <!-- almosafweb.myTestCases -->
