<?xml version="1.0" encoding="UTF-8"?>
<!-- Generated by org.testng.reporters.JUnitReportReporter -->
<testsuite hostname="BAYAN" failures="0" tests="10" name="almosafweb.myTestCases" time="49.788" errors="0" timestamp="2024-02-17T00:38:33 EET" skipped="1">
  <testcase classname="almosafweb.myTestCases" name="Checklanguage" time="0.040"/>
  <system-out/>
  <testcase classname="almosafweb.myTestCases" name="CheckTheCurrency" time="0.034"/>
  <system-out/>
  <testcase classname="almosafweb.myTestCases" name="CheckContactNumber" time="0.027"/>
  <system-out/>
  <testcase classname="almosafweb.myTestCases" name="CheckLogoqitaf" time="0.040"/>
  <system-out/>
  <testcase classname="almosafweb.myTestCases" name="cheakNOTSelectHotels" time="0.027"/>
  <system-out/>
  <testcase classname="almosafweb.myTestCases" name="flightsDate" time="0.059"/>
  <system-out/>
  <testcase classname="almosafweb.myTestCases" name="flightDAY2" time="1.087"/>
  <system-out/>
  <testcase classname="almosafweb.myTestCases" name="flighMonth" time="1.077"/>
  <system-out/>
  <testcase classname="almosafweb.myTestCases" name="switchLangWeb" time="47.397"/>
  <system-out/>
  <testcase classname="almosafweb.myTestCases" name="flightDAY">
    <skipped/>
  </testcase> <!-- flightDAY -->
  <system-out/>
</testsuite> <!-- almosafweb.myTestCases -->
